2021-11-21 18:57:32,614  INFO [main] Base:40 - 
2021-11-21 18:57:38,600  INFO [main] Base:48 - Gifts Online - Send Unique, Unusual Gifts in India, Buy Gifts– Bigsmall.in
2021-11-21 18:57:40,478  INFO [main] Base:51 - Click Signin Button
2021-11-21 18:57:44,510  INFO [main] Base:40 - 
2021-11-21 18:57:53,599  INFO [main] Base:77 - Gifts Online - Send Unique, Unusual Gifts in India, Buy Gifts– Bigsmall.in
2021-11-21 18:57:56,167  INFO [main] Base:80 - Click on search bar
2021-11-21 18:58:01,446  INFO [main] Base:40 - 
2021-11-21 18:58:09,623  INFO [main] Base:106 - Gifts Online - Send Unique, Unusual Gifts in India, Buy Gifts– Bigsmall.in
2021-11-21 18:58:12,298  INFO [main] Base:109 - Click Header link
2021-11-21 18:58:24,224  INFO [main] Base:40 - 
2021-11-21 18:58:32,686  INFO [main] Base:124 - Gifts Online - Send Unique, Unusual Gifts in India, Buy Gifts– Bigsmall.in
2021-11-21 18:58:39,103  INFO [main] Base:131 - Click on Header Hover link
2021-11-21 18:58:47,324  INFO [main] Base:40 - 
2021-11-21 18:58:56,683  INFO [main] Base:146 - Gifts Online - Send Unique, Unusual Gifts in India, Buy Gifts– Bigsmall.in
2021-11-21 18:58:59,266  INFO [main] Base:149 - Click on Home Page Whats New
2021-11-21 18:59:10,552  INFO [main] Base:40 - 
2021-11-21 18:59:20,044  INFO [main] Base:164 - Gifts Online - Send Unique, Unusual Gifts in India, Buy Gifts– Bigsmall.in
2021-11-21 18:59:23,310  INFO [main] Base:167 - Click On Wishlist
2021-11-21 18:59:28,499  INFO [main] Base:40 - 
2021-11-21 18:59:36,915  INFO [main] Base:179 - Gifts Online - Send Unique, Unusual Gifts in India, Buy Gifts– Bigsmall.in
2021-11-21 18:59:39,220  INFO [main] Base:182 - Click on GiftCard
2021-11-21 18:59:44,698  INFO [main] Base:40 - 
2021-11-21 18:59:53,226  INFO [main] Base:196 - Gifts Online - Send Unique, Unusual Gifts in India, Buy Gifts– Bigsmall.in
2021-11-21 18:59:53,311  INFO [main] Base:199 - Click on Cart
2021-11-21 18:59:54,795  INFO [main] Base:40 - 
2021-11-21 19:00:03,149  INFO [main] Base:212 - Gifts Online - Send Unique, Unusual Gifts in India, Buy Gifts– Bigsmall.in
2021-11-21 19:00:05,597  INFO [main] Base:215 - Click on Home page in Home Decor
2021-11-21 19:00:13,438  INFO [main] Base:40 - 
2021-11-21 19:00:22,187  INFO [main] Base:229 - Gifts Online - Send Unique, Unusual Gifts in India, Buy Gifts– Bigsmall.in
2021-11-21 19:00:25,160  INFO [main] Base:232 - Click on Home Page in DC Symbol
